<?xml version="1.0" encoding="UTF-8"?>
<testsuite name="com.example.kdt_coin.KdtCoinApplicationTests" tests="1" skipped="0" failures="0" errors="0" timestamp="2022-12-19T15:05:17" hostname="jeonhongseog-ui-MacBookAir.local" time="0.168">
  <properties/>
  <testcase name="contextLoads()" classname="com.example.kdt_coin.KdtCoinApplicationTests" time="0.168"/>
  <system-out><![CDATA[00:05:16.802 [Test worker] DEBUG org.springframework.test.context.BootstrapUtils - Instantiating CacheAwareContextLoaderDelegate from class [org.springframework.test.context.cache.DefaultCacheAwareContextLoaderDelegate]
00:05:16.807 [Test worker] DEBUG org.springframework.test.context.BootstrapUtils - Instantiating BootstrapContext using constructor [public org.springframework.test.context.support.DefaultBootstrapContext(java.lang.Class,org.springframework.test.context.CacheAwareContextLoaderDelegate)]
00:05:16.821 [Test worker] DEBUG org.springframework.test.context.BootstrapUtils - Instantiating TestContextBootstrapper for test class [com.example.kdt_coin.KdtCoinApplicationTests] from class [org.springframework.boot.test.context.SpringBootTestContextBootstrapper]
00:05:16.826 [Test worker] INFO org.springframework.boot.test.context.SpringBootTestContextBootstrapper - Neither @ContextConfiguration nor @ContextHierarchy found for test class [com.example.kdt_coin.KdtCoinApplicationTests], using SpringBootContextLoader
00:05:16.828 [Test worker] DEBUG org.springframework.test.context.support.AbstractContextLoader - Did not detect default resource location for test class [com.example.kdt_coin.KdtCoinApplicationTests]: class path resource [com/example/kdt_coin/KdtCoinApplicationTests-context.xml] does not exist
00:05:16.828 [Test worker] DEBUG org.springframework.test.context.support.AbstractContextLoader - Did not detect default resource location for test class [com.example.kdt_coin.KdtCoinApplicationTests]: class path resource [com/example/kdt_coin/KdtCoinApplicationTestsContext.groovy] does not exist
00:05:16.828 [Test worker] INFO org.springframework.test.context.support.AbstractContextLoader - Could not detect default resource locations for test class [com.example.kdt_coin.KdtCoinApplicationTests]: no resource found for suffixes {-context.xml, Context.groovy}.
00:05:16.828 [Test worker] INFO org.springframework.test.context.support.AnnotationConfigContextLoaderUtils - Could not detect default configuration classes for test class [com.example.kdt_coin.KdtCoinApplicationTests]: KdtCoinApplicationTests does not declare any static, non-private, non-final, nested classes annotated with @Configuration.
00:05:16.848 [Test worker] DEBUG org.springframework.test.context.support.ActiveProfilesUtils - Could not find an 'annotation declaring class' for annotation type [org.springframework.test.context.ActiveProfiles] and class [com.example.kdt_coin.KdtCoinApplicationTests]
00:05:16.872 [Test worker] DEBUG org.springframework.context.annotation.ClassPathScanningCandidateComponentProvider - Identified candidate component class: file [/Users/jeonhongseok/IdeaProjects/toy/kdt_coin/build/classes/java/main/com/example/kdt_coin/KdtCoinApplication.class]
00:05:16.873 [Test worker] INFO org.springframework.boot.test.context.SpringBootTestContextBootstrapper - Found @SpringBootConfiguration com.example.kdt_coin.KdtCoinApplication for test class com.example.kdt_coin.KdtCoinApplicationTests
00:05:16.915 [Test worker] DEBUG org.springframework.boot.test.context.SpringBootTestContextBootstrapper - @TestExecutionListeners is not present for class [com.example.kdt_coin.KdtCoinApplicationTests]: using defaults.
00:05:16.915 [Test worker] INFO org.springframework.boot.test.context.SpringBootTestContextBootstrapper - Loaded default TestExecutionListener class names from location [META-INF/spring.factories]: [org.springframework.boot.test.autoconfigure.restdocs.RestDocsTestExecutionListener, org.springframework.boot.test.autoconfigure.web.client.MockRestServiceServerResetTestExecutionListener, org.springframework.boot.test.autoconfigure.web.servlet.MockMvcPrintOnlyOnFailureTestExecutionListener, org.springframework.boot.test.autoconfigure.web.servlet.WebDriverTestExecutionListener, org.springframework.boot.test.autoconfigure.webservices.client.MockWebServiceServerTestExecutionListener, org.springframework.boot.test.mock.mockito.MockitoTestExecutionListener, org.springframework.boot.test.mock.mockito.ResetMocksTestExecutionListener, org.springframework.test.context.web.ServletTestExecutionListener, org.springframework.test.context.support.DirtiesContextBeforeModesTestExecutionListener, org.springframework.test.context.event.ApplicationEventsTestExecutionListener, org.springframework.test.context.support.DependencyInjectionTestExecutionListener, org.springframework.test.context.support.DirtiesContextTestExecutionListener, org.springframework.test.context.transaction.TransactionalTestExecutionListener, org.springframework.test.context.jdbc.SqlScriptsTestExecutionListener, org.springframework.test.context.event.EventPublishingTestExecutionListener]
00:05:16.922 [Test worker] INFO org.springframework.boot.test.context.SpringBootTestContextBootstrapper - Using TestExecutionListeners: [org.springframework.test.context.web.ServletTestExecutionListener@2db2cd5, org.springframework.test.context.support.DirtiesContextBeforeModesTestExecutionListener@70e659aa, org.springframework.test.context.event.ApplicationEventsTestExecutionListener@615f972, org.springframework.boot.test.mock.mockito.MockitoTestExecutionListener@285f09de, org.springframework.boot.test.autoconfigure.SpringBootDependencyInjectionTestExecutionListener@73393584, org.springframework.test.context.support.DirtiesContextTestExecutionListener@31500940, org.springframework.test.context.transaction.TransactionalTestExecutionListener@1827a871, org.springframework.test.context.jdbc.SqlScriptsTestExecutionListener@48e64352, org.springframework.test.context.event.EventPublishingTestExecutionListener@7249dadf, org.springframework.boot.test.autoconfigure.restdocs.RestDocsTestExecutionListener@4362d7df, org.springframework.boot.test.autoconfigure.web.client.MockRestServiceServerResetTestExecutionListener@66238be2, org.springframework.boot.test.autoconfigure.web.servlet.MockMvcPrintOnlyOnFailureTestExecutionListener@1c25b8a7, org.springframework.boot.test.autoconfigure.web.servlet.WebDriverTestExecutionListener@200606de, org.springframework.boot.test.autoconfigure.webservices.client.MockWebServiceServerTestExecutionListener@750fe12e, org.springframework.boot.test.mock.mockito.ResetMocksTestExecutionListener@f8908f6]
00:05:16.924 [Test worker] DEBUG org.springframework.test.context.support.AbstractDirtiesContextTestExecutionListener - Before test class: context [DefaultTestContext@7dac3fd8 testClass = KdtCoinApplicationTests, testInstance = [null], testMethod = [null], testException = [null], mergedContextConfiguration = [WebMergedContextConfiguration@425357dd testClass = KdtCoinApplicationTests, locations = '{}', classes = '{class com.example.kdt_coin.KdtCoinApplication}', contextInitializerClasses = '[]', activeProfiles = '{}', propertySourceLocations = '{}', propertySourceProperties = '{org.springframework.boot.test.context.SpringBootTestContextBootstrapper=true}', contextCustomizers = set[org.springframework.boot.test.autoconfigure.actuate.metrics.MetricsExportContextCustomizerFactory$DisableMetricExportContextCustomizer@57ac5227, org.springframework.boot.test.autoconfigure.properties.PropertyMappingContextCustomizer@0, org.springframework.boot.test.autoconfigure.web.servlet.WebDriverContextCustomizerFactory$Customizer@a4ca3f6, org.springframework.boot.test.context.filter.ExcludeFilterContextCustomizer@b6b1987, org.springframework.boot.test.json.DuplicateJsonObjectContextCustomizerFactory$DuplicateJsonObjectContextCustomizer@7c541c15, org.springframework.boot.test.mock.mockito.MockitoContextCustomizer@0, org.springframework.boot.test.web.client.TestRestTemplateContextCustomizer@3e10dc6, org.springframework.boot.test.context.SpringBootTestArgs@1, org.springframework.boot.test.context.SpringBootTestWebEnvironment@461ad730], resourceBasePath = 'src/main/webapp', contextLoader = 'org.springframework.boot.test.context.SpringBootContextLoader', parent = [null]], attributes = map['org.springframework.test.context.web.ServletTestExecutionListener.activateListener' -> true]], class annotated with @DirtiesContext [false] with mode [null].

  .   ____          _            __ _ _
 /\\ / ___'_ __ _ _(_)_ __  __ _ \ \ \ \
( ( )\___ | '_ | '_| | '_ \/ _` | \ \ \ \
 \\/  ___)| |_)| | | | | || (_| |  ) ) ) )
  '  |____| .__|_| |_|_| |_\__, | / / / /
 =========|_|==============|___/=/_/_/_/
 :: Spring Boot ::                (v2.7.6)

2022-12-20 00:05:17.073  INFO 9618 --- [    Test worker] c.e.kdt_coin.KdtCoinApplicationTests     : Starting KdtCoinApplicationTests using Java 11.0.17 on jeonhongseog-ui-MacBookAir.local with PID 9618 (started by jeonhongseok in /Users/jeonhongseok/IdeaProjects/toy/kdt_coin)
2022-12-20 00:05:17.074  INFO 9618 --- [    Test worker] c.e.kdt_coin.KdtCoinApplicationTests     : No active profile set, falling back to 1 default profile: "default"
2022-12-20 00:05:17.830  INFO 9618 --- [    Test worker] o.s.b.a.w.s.WelcomePageHandlerMapping    : Adding welcome page template: index
2022-12-20 00:05:17.977  INFO 9618 --- [    Test worker] c.e.kdt_coin.KdtCoinApplicationTests     : Started KdtCoinApplicationTests in 1.037 seconds (JVM running for 1.54)
]]></system-out>
  <system-err><![CDATA[]]></system-err>
</testsuite>
